a:\cpp\projects\mangadownloader\mangadownloader\x64\debug\vc143.pdb
a:\cpp\projects\mangadownloader\mangadownloader\x64\debug\vc143.idb
a:\cpp\projects\mangadownloader\mangadownloader\x64\debug\mangadex.obj
a:\cpp\projects\mangadownloader\mangadownloader\x64\debug\main.obj
a:\cpp\projects\mangadownloader\mangadownloader\x64\debug\simdjson.obj
a:\cpp\projects\mangadownloader\x64\debug\mangadownloader.exe
a:\cpp\projects\mangadownloader\x64\debug\mangadownloader.pdb
a:\cpp\projects\mangadownloader\x64\debug\libcrypto-3-x64.dll
a:\cpp\projects\mangadownloader\x64\debug\libssl-3-x64.dll
a:\cpp\projects\mangadownloader\x64\debug\zip.dll
a:\cpp\projects\mangadownloader\x64\debug\bz2d.dll
a:\cpp\projects\mangadownloader\x64\debug\zlibd1.dll
a:\cpp\projects\mangadownloader\mangadownloader\x64\debug\mangadownloader.ilk
a:\cpp\projects\mangadownloader\mangadownloader\x64\debug\mangadownloader.tlog\cl.command.1.tlog
a:\cpp\projects\mangadownloader\mangadownloader\x64\debug\mangadownloader.tlog\cl.items.tlog
a:\cpp\projects\mangadownloader\mangadownloader\x64\debug\mangadownloader.tlog\cl.read.1.tlog
a:\cpp\projects\mangadownloader\mangadownloader\x64\debug\mangadownloader.tlog\cl.write.1.tlog
a:\cpp\projects\mangadownloader\mangadownloader\x64\debug\mangadownloader.tlog\link.command.1.tlog
a:\cpp\projects\mangadownloader\mangadownloader\x64\debug\mangadownloader.tlog\link.read.1.tlog
a:\cpp\projects\mangadownloader\mangadownloader\x64\debug\mangadownloader.tlog\link.secondary.1.tlog
a:\cpp\projects\mangadownloader\mangadownloader\x64\debug\mangadownloader.tlog\link.write.1.tlog
a:\cpp\projects\mangadownloader\mangadownloader\x64\debug\mangadownloader.tlog\mangadownloader.write.1u.tlog
